c:\users\admin\dropbox\mouse sharp project\isharp\isharp\debug\isharp.pch
c:\users\admin\dropbox\mouse sharp project\isharp\isharp\debug\vc141.pdb
c:\users\admin\dropbox\mouse sharp project\isharp\isharp\debug\vc141.idb
c:\users\admin\dropbox\mouse sharp project\isharp\isharp\debug\stdafx.obj
c:\users\admin\dropbox\mouse sharp project\isharp\isharp\debug\isharp.obj
c:\users\admin\dropbox\mouse sharp project\isharp\isharp\debug\parser.obj
c:\users\admin\dropbox\mouse sharp project\isharp\isharp\debug\script_handler.obj
c:\users\admin\dropbox\mouse sharp project\isharp\isharp\debug\stackoverflowclasses.obj
c:\users\admin\dropbox\mouse sharp project\isharp\isharp\debug\variablehelper.obj
c:\users\admin\dropbox\mouse sharp project\isharp\debug\isharp.ilk
c:\users\admin\dropbox\mouse sharp project\isharp\debug\isharp.exe
c:\users\admin\dropbox\mouse sharp project\isharp\debug\isharp.pdb
c:\users\admin\dropbox\mouse sharp project\isharp\isharp\debug\isharp.res
c:\users\admin\dropbox\mouse sharp project\isharp\isharp\debug\isharp.tlog\cl.command.1.tlog
c:\users\admin\dropbox\mouse sharp project\isharp\isharp\debug\isharp.tlog\cl.read.1.tlog
c:\users\admin\dropbox\mouse sharp project\isharp\isharp\debug\isharp.tlog\cl.write.1.tlog
c:\users\admin\dropbox\mouse sharp project\isharp\isharp\debug\isharp.tlog\link.command.1.tlog
c:\users\admin\dropbox\mouse sharp project\isharp\isharp\debug\isharp.tlog\link.read.1.tlog
c:\users\admin\dropbox\mouse sharp project\isharp\isharp\debug\isharp.tlog\link.write.1.tlog
c:\users\admin\dropbox\mouse sharp project\isharp\isharp\debug\isharp.tlog\rc.command.1.tlog
c:\users\admin\dropbox\mouse sharp project\isharp\isharp\debug\isharp.tlog\rc.read.1.tlog
c:\users\admin\dropbox\mouse sharp project\isharp\isharp\debug\isharp.tlog\rc.write.1.tlog
