  stdafx.cpp
c:\users\admin\dropbox\mouse sharp project\isharp\isharp\stdafx.h(21): warning C4067: unexpected tokens following preprocessor directive - expected a newline
c:\users\admin\dropbox\mouse sharp project\isharp\isharp\stackoverflowclasses.h(564): warning C4244: 'argument': conversion from 'time_t' to 'unsigned int', possible loss of data
c:\users\admin\dropbox\mouse sharp project\isharp\isharp\stackoverflowclasses.h(651): warning C4005: '_WIN32_WINNT': macro redefinition
  c:\program files (x86)\windows kits\10\include\10.0.16299.0\shared\sdkddkver.h(215): note: see previous definition of '_WIN32_WINNT'
  variableHelper.cpp
c:\users\admin\dropbox\mouse sharp project\isharp\isharp\parser.h(49): warning C4101: 't': unreferenced local variable
c:\users\admin\dropbox\mouse sharp project\isharp\isharp\parser.h(227): warning C4244: 'argument': conversion from 'time_t' to 'unsigned int', possible loss of data
c:\users\admin\dropbox\mouse sharp project\isharp\isharp\parser.h(508): warning C4018: '<': signed/unsigned mismatch
c:\users\admin\dropbox\mouse sharp project\isharp\isharp\parser.h(717): warning C4018: '<': signed/unsigned mismatch
c:\users\admin\dropbox\mouse sharp project\isharp\isharp\parser.h(773): warning C4018: '<': signed/unsigned mismatch
c:\users\admin\dropbox\mouse sharp project\isharp\isharp\parser.h(864): warning C4018: '<': signed/unsigned mismatch
  stackoverflowclasses.cpp
  script_handler.cpp
c:\users\admin\dropbox\mouse sharp project\isharp\isharp\parser.h(49): warning C4101: 't': unreferenced local variable
c:\users\admin\dropbox\mouse sharp project\isharp\isharp\parser.h(227): warning C4244: 'argument': conversion from 'time_t' to 'unsigned int', possible loss of data
c:\users\admin\dropbox\mouse sharp project\isharp\isharp\parser.h(508): warning C4018: '<': signed/unsigned mismatch
c:\users\admin\dropbox\mouse sharp project\isharp\isharp\parser.h(717): warning C4018: '<': signed/unsigned mismatch
c:\users\admin\dropbox\mouse sharp project\isharp\isharp\parser.h(773): warning C4018: '<': signed/unsigned mismatch
c:\users\admin\dropbox\mouse sharp project\isharp\isharp\parser.h(864): warning C4018: '<': signed/unsigned mismatch
  parser.cpp
c:\users\admin\dropbox\mouse sharp project\isharp\isharp\parser.h(49): warning C4101: 't': unreferenced local variable
c:\users\admin\dropbox\mouse sharp project\isharp\isharp\parser.h(227): warning C4244: 'argument': conversion from 'time_t' to 'unsigned int', possible loss of data
c:\users\admin\dropbox\mouse sharp project\isharp\isharp\parser.h(508): warning C4018: '<': signed/unsigned mismatch
c:\users\admin\dropbox\mouse sharp project\isharp\isharp\parser.h(717): warning C4018: '<': signed/unsigned mismatch
c:\users\admin\dropbox\mouse sharp project\isharp\isharp\parser.h(773): warning C4018: '<': signed/unsigned mismatch
c:\users\admin\dropbox\mouse sharp project\isharp\isharp\parser.h(864): warning C4018: '<': signed/unsigned mismatch
  isharp.cpp
c:\users\admin\dropbox\mouse sharp project\isharp\isharp\parser.h(49): warning C4101: 't': unreferenced local variable
c:\users\admin\dropbox\mouse sharp project\isharp\isharp\parser.h(227): warning C4244: 'argument': conversion from 'time_t' to 'unsigned int', possible loss of data
c:\users\admin\dropbox\mouse sharp project\isharp\isharp\parser.h(508): warning C4018: '<': signed/unsigned mismatch
c:\users\admin\dropbox\mouse sharp project\isharp\isharp\parser.h(717): warning C4018: '<': signed/unsigned mismatch
c:\users\admin\dropbox\mouse sharp project\isharp\isharp\parser.h(773): warning C4018: '<': signed/unsigned mismatch
c:\users\admin\dropbox\mouse sharp project\isharp\isharp\parser.h(864): warning C4018: '<': signed/unsigned mismatch
c:\users\admin\dropbox\mouse sharp project\isharp\isharp\isharp.cpp(22): warning C4007: 'WinMain': must be '__stdcall'
  Generating Code...
c:\users\admin\dropbox\mouse sharp project\isharp\isharp\parser.h(210): warning C4715: 'var_manager::getVar': not all control paths return a value
c:\users\admin\dropbox\mouse sharp project\isharp\isharp\stackoverflowclasses.h(548): warning C4715: 'keys::logger': not all control paths return a value
c:\users\admin\dropbox\mouse sharp project\isharp\isharp\parser.h(122): warning C4715: 'var_manager::systemVars': not all control paths return a value
  isharp.vcxproj -> C:\Users\Admin\Dropbox\Mouse Sharp Project\isharp\Debug\isharp.exe
